мар. 12, 2023 4:55:16 PM Homework2.task_2_1 bubblSort
INFO: [67, 40, 51, 38, 23, 90, 9, 38, 56, 4]
мар. 12, 2023 4:55:16 PM Homework2.task_2_1 bubblSort
INFO: [67, 51, 40, 38, 90, 23, 38, 56, 9, 4]
мар. 12, 2023 4:55:16 PM Homework2.task_2_1 bubblSort
INFO: [67, 51, 40, 90, 38, 38, 56, 23, 9, 4]
мар. 12, 2023 4:55:16 PM Homework2.task_2_1 bubblSort
INFO: [67, 51, 90, 40, 38, 56, 38, 23, 9, 4]
мар. 12, 2023 4:55:16 PM Homework2.task_2_1 bubblSort
INFO: [67, 90, 51, 40, 56, 38, 38, 23, 9, 4]
мар. 12, 2023 4:55:16 PM Homework2.task_2_1 bubblSort
INFO: [90, 67, 51, 56, 40, 38, 38, 23, 9, 4]
мар. 12, 2023 4:55:16 PM Homework2.task_2_1 bubblSort
INFO: [90, 67, 56, 51, 40, 38, 38, 23, 9, 4]
мар. 12, 2023 4:55:16 PM Homework2.task_2_1 bubblSort
INFO: [90, 67, 56, 51, 40, 38, 38, 23, 9, 4]
мар. 12, 2023 4:55:16 PM Homework2.task_2_1 bubblSort
INFO: [90, 67, 56, 51, 40, 38, 38, 23, 9, 4]
мар. 12, 2023 4:55:16 PM Homework2.task_2_1 bubblSort
INFO: [90, 67, 56, 51, 40, 38, 38, 23, 9, 4]
